2023-09-03 19:56:57,487.user_easy_stats_SushantaShrestha.INFO ==================================================
2023-09-03 19:56:57,488.user_easy_stats_SushantaShrestha.INFO Today is 2023-09-03 at 07:56 PM
2023-09-03 19:56:57,528.user_easy_stats_SushantaShrestha.INFO Running on: nt Windows 10
2023-09-03 19:56:57,529.user_easy_stats_SushantaShrestha.INFO Python version:  3.11.4
2023-09-03 19:56:57,529.user_easy_stats_SushantaShrestha.INFO Python path: C:\Users\sshre\AppData\Local\Programs\Python\Python311
2023-09-03 19:56:57,529.user_easy_stats_SushantaShrestha.INFO Working dir: C:\Users\sshre\OneDrive\Desktop\FOLDER\datafun-02-functions-1
2023-09-03 19:56:57,530.user_easy_stats_SushantaShrestha.INFO ==================================================
2023-09-03 19:56:57,533.user_easy_stats_SushantaShrestha.INFO Mean: 25
2023-09-03 19:56:57,534.user_easy_stats_SushantaShrestha.INFO Median: 25
2023-09-03 19:56:57,534.user_easy_stats_SushantaShrestha.INFO Mode: 10
2023-09-03 19:56:57,535.user_easy_stats_SushantaShrestha.INFO Variance: 116.67
2023-09-03 19:56:57,535.user_easy_stats_SushantaShrestha.INFO Standard Deviation: 10.8
2023-09-03 19:56:57,535.user_easy_stats_SushantaShrestha.INFO Smallest: 10
2023-09-03 19:56:57,536.user_easy_stats_SushantaShrestha.INFO Largest: 40
2023-09-03 19:56:57,537.user_easy_stats_SushantaShrestha.INFO Mean: 8
2023-09-03 19:56:57,538.user_easy_stats_SushantaShrestha.INFO Median: 8
2023-09-03 19:56:57,538.user_easy_stats_SushantaShrestha.INFO Mode: 2
2023-09-03 19:56:57,539.user_easy_stats_SushantaShrestha.INFO Variance: 21.67
2023-09-03 19:56:57,539.user_easy_stats_SushantaShrestha.INFO Standard Deviation: 4.65
2023-09-03 19:56:57,539.user_easy_stats_SushantaShrestha.INFO Smallest: 2
2023-09-03 19:56:57,540.user_easy_stats_SushantaShrestha.INFO Largest: 15
